<?xml version="1.0" encoding="UTF-8"?>
<testsuite name="CorrecterTest" tests="1" skipped="0" failures="0" errors="0" timestamp="2020-12-24T18:11:00" hostname="LAPTOP-5B4984PM" time="1.087">
  <properties/>
  <testcase name="start" classname="CorrecterTest" time="1.087"/>
  <system-out><![CDATA[?[1;31m
Start test 1?[0m

Encoding...
0100
10011000
0101
01001010
0110
11001100
0001
11010010
0111
00011110
0100
10011000
0010
01010100
0000
00000000
0110
11001100
1101
10101010
0110
11001100
1111
11111110
0111
00011110
0010
01010100
0110
11001100
0101
01001010
0010
01010100
0000
00000000
0110
11001100
1111
11111110
0110
11001100
0110
11001100
0010
01010100
0000
00000000
0111
00011110
0100
10011000
0110
11001100
1000
11100000
0110
11001100
0101
01001010
0111
00011110
0011
10000110
0110
11001100
0101
01001010
0010
01010100
0000
00000000
0110
11001100
0110
11001100
0111
00011110
0010
01010100
0110
11001100
0101
01001010
0110
11001100
1110
00101100
0110
11001100
0011
10000110
0110
11001100
1000
11100000
0010
01010100
0000
00000000
0110
11001100
0010
01010100
0111
00011110
0101
01001010
0110
11001100
1110
00101100
0111
00011110
0011
10000110
0010
01010100
0001
11010010

Transmitting...
10011000
10011100
01001010
01001110
11001100
11001000
11010010
11010110
00011110
00011010
10011000
10011100
01010100
01010000
00000000
00000100
11001100
11001000
10101010
10101110
11001100
11001000
11111110
11111010
00011110
00011010
01010100
01010000
11001100
11001000
01001010
01001110
01010100
01010000
00000000
00000100
11001100
11001000
11111110
11111010
11001100
11001000
11001100
11001000
01010100
01010000
00000000
00000100
00011110
00011010
10011000
10011100
11001100
11001000
11100000
11100100
11001100
11001000
01001010
01001110
00011110
00011010
10000110
10000010
11001100
11001000
01001010
01001110
01010100
01010000
00000000
00000100
11001100
11001000
11001100
11001000
00011110
00011010
01010100
01010000
11001100
11001000
01001010
01001110
11001100
11001000
00101100
00101000
11001100
11001000
10000110
10000010
11001100
11001000
11100000
11100100
01010100
01010000
00000000
00000100
11001100
11001000
01010100
01010000
00011110
00011010
01001010
01001110
11001100
11001000
00101100
00101000
00011110
00011010
10000110
10000010
01010100
01010000
11010010
11010110

Decoding...
0100
10011100
0101
01001110
0110
11001000
0001
11010110
0111
00011010
0100
10011100
0010
01010000
0000
00000100
0110
11001000
1101
10101110
0110
11001000
1111
11111010
0111
00011010
0010
01010000
0110
11001000
0101
01001110
0010
01010000
0000
00000100
0110
11001000
1111
11111010
0110
11001000
0110
11001000
0010
01010000
0000
00000100
0111
00011010
0100
10011100
0110
11001000
1000
11100100
0110
11001000
0101
01001110
0111
00011010
0011
10000010
0110
11001000
0101
01001110
0010
01010000
0000
00000100
0110
11001000
0110
11001000
0111
00011010
0010
01010000
0110
11001000
0101
01001110
0110
11001000
1110
00101000
0110
11001000
0011
10000010
0110
11001000
1000
11100100
0010
01010000
0000
00000100
0110
11001000
0010
01010000
0111
00011010
0101
01001110
0110
11001000
1110
00101000
0111
00011010
0011
10000010
0010
01010000
0001
11010110
?[1;31m
Start test 2?[0m

Encoding...
0100
10011000
0101
01001010
0110
11001100
0001
11010010
0111
00011110
0100
10011000
0010
01010100
0000
00000000
0110
11001100
1101
10101010
0110
11001100
1111
11111110
0111
00011110
0010
01010100
0110
11001100
0101
01001010
0010
01010100
0000
00000000
0110
11001100
1111
11111110
0110
11001100
0110
11001100
0010
01010100
0000
00000000
0111
00011110
0100
10011000
0110
11001100
1000
11100000
0110
11001100
0101
01001010
0111
00011110
0011
10000110
0110
11001100
0101
01001010
0010
01010100
0000
00000000
0110
11001100
0110
11001100
0111
00011110
0010
01010100
0110
11001100
0101
01001010
0110
11001100
1110
00101100
0110
11001100
0011
10000110
0110
11001100
1000
11100000
0010
01010100
0000
00000000
0110
11001100
0010
01010100
0111
00011110
0101
01001010
0110
11001100
1110
00101100
0111
00011110
0011
10000110
0010
01010100
0001
11010010

Transmitting...
10011000
10011100
01001010
01001110
11001100
11001000
11010010
11010110
00011110
00011010
10011000
10011100
01010100
01010000
00000000
00000100
11001100
11001000
10101010
10101110
11001100
11001000
11111110
11111010
00011110
00011010
01010100
01010000
11001100
11001000
01001010
01001110
01010100
01010000
00000000
00000100
11001100
11001000
11111110
11111010
11001100
11001000
11001100
11001000
01010100
01010000
00000000
00000100
00011110
00011010
10011000
10011100
11001100
11001000
11100000
11100100
11001100
11001000
01001010
01001110
00011110
00011010
10000110
10000010
11001100
11001000
01001010
01001110
01010100
01010000
00000000
00000100
11001100
11001000
11001100
11001000
00011110
00011010
01010100
01010000
11001100
11001000
01001010
01001110
11001100
11001000
00101100
00101000
11001100
11001000
10000110
10000010
11001100
11001000
11100000
11100100
01010100
01010000
00000000
00000100
11001100
11001000
01010100
01010000
00011110
00011010
01001010
01001110
11001100
11001000
00101100
00101000
00011110
00011010
10000110
10000010
01010100
01010000
11010010
11010110

Decoding...
0100
10011100
0101
01001110
0110
11001000
0001
11010110
0111
00011010
0100
10011100
0010
01010000
0000
00000100
0110
11001000
1101
10101110
0110
11001000
1111
11111010
0111
00011010
0010
01010000
0110
11001000
0101
01001110
0010
01010000
0000
00000100
0110
11001000
1111
11111010
0110
11001000
0110
11001000
0010
01010000
0000
00000100
0111
00011010
0100
10011100
0110
11001000
1000
11100100
0110
11001000
0101
01001110
0111
00011010
0011
10000010
0110
11001000
0101
01001110
0010
01010000
0000
00000100
0110
11001000
0110
11001000
0111
00011010
0010
01010000
0110
11001000
0101
01001110
0110
11001000
1110
00101000
0110
11001000
0011
10000010
0110
11001000
1000
11100100
0010
01010000
0000
00000100
0110
11001000
0010
01010000
0111
00011010
0101
01001110
0110
11001000
1110
00101000
0111
00011010
0011
10000010
0010
01010000
0001
11010110
?[1;31m
Start test 3?[0m

Encoding...
0100
10011000
0101
01001010
0110
11001100
0001
11010010
0111
00011110
0100
10011000
0010
01010100
0000
00000000
0110
11001100
1101
10101010
0110
11001100
1111
11111110
0111
00011110
0010
01010100
0110
11001100
0101
01001010
0010
01010100
0000
00000000
0110
11001100
1111
11111110
0110
11001100
0110
11001100
0010
01010100
0000
00000000
0111
00011110
0100
10011000
0110
11001100
1000
11100000
0110
11001100
0101
01001010
0111
00011110
0011
10000110
0110
11001100
0101
01001010
0010
01010100
0000
00000000
0110
11001100
0110
11001100
0111
00011110
0010
01010100
0110
11001100
0101
01001010
0110
11001100
1110
00101100
0110
11001100
0011
10000110
0110
11001100
1000
11100000
0010
01010100
0000
00000000
0110
11001100
0010
01010100
0111
00011110
0101
01001010
0110
11001100
1110
00101100
0111
00011110
0011
10000110
0010
01010100
0001
11010010

Transmitting...
10011000
10011100
01001010
01001110
11001100
11001000
11010010
11010110
00011110
00011010
10011000
10011100
01010100
01010000
00000000
00000100
11001100
11001000
10101010
10101110
11001100
11001000
11111110
11111010
00011110
00011010
01010100
01010000
11001100
11001000
01001010
01001110
01010100
01010000
00000000
00000100
11001100
11001000
11111110
11111010
11001100
11001000
11001100
11001000
01010100
01010000
00000000
00000100
00011110
00011010
10011000
10011100
11001100
11001000
11100000
11100100
11001100
11001000
01001010
01001110
00011110
00011010
10000110
10000010
11001100
11001000
01001010
01001110
01010100
01010000
00000000
00000100
11001100
11001000
11001100
11001000
00011110
00011010
01010100
01010000
11001100
11001000
01001010
01001110
11001100
11001000
00101100
00101000
11001100
11001000
10000110
10000010
11001100
11001000
11100000
11100100
01010100
01010000
00000000
00000100
11001100
11001000
01010100
01010000
00011110
00011010
01001010
01001110
11001100
11001000
00101100
00101000
00011110
00011010
10000110
10000010
01010100
01010000
11010010
11010110

Decoding...
0100
10011100
0101
01001110
0110
11001000
0001
11010110
0111
00011010
0100
10011100
0010
01010000
0000
00000100
0110
11001000
1101
10101110
0110
11001000
1111
11111010
0111
00011010
0010
01010000
0110
11001000
0101
01001110
0010
01010000
0000
00000100
0110
11001000
1111
11111010
0110
11001000
0110
11001000
0010
01010000
0000
00000100
0111
00011010
0100
10011100
0110
11001000
1000
11100100
0110
11001000
0101
01001110
0111
00011010
0011
10000010
0110
11001000
0101
01001110
0010
01010000
0000
00000100
0110
11001000
0110
11001000
0111
00011010
0010
01010000
0110
11001000
0101
01001110
0110
11001000
1110
00101000
0110
11001000
0011
10000010
0110
11001000
1000
11100100
0010
01010000
0000
00000100
0110
11001000
0010
01010000
0111
00011010
0101
01001110
0110
11001000
1110
00101000
0111
00011010
0011
10000010
0010
01010000
0001
11010110
?[1;31m
Start test 4?[0m

Encoding...
0010
01010100
0100
10011000
0110
11001100
1111
11111110
0110
11001100
1101
10101010
0110
11001100
0101
01001010
0010
01010100
0000
00000000
0111
00011110
0010
01010100
0110
11001100
0001
11010010
0110
11001100
1110
00101100
0110
11001100
0100
10011000
0011
10000110
0000
00000000
0110
11001100
1101
10101010
0010
01010100
0000
00000000
0110
11001100
1101
10101010
0110
11001100
0101
01001010
0111
00011110
0011
10000110
0111
00011110
0011
10000110
0100
10011000
0001
11010010
0110
11001100
0111
00011110
0110
11001100
0101
01001010

Transmitting...
01010100
01010000
10011000
10011100
11001100
11001000
11111110
11111010
11001100
11001000
10101010
10101110
11001100
11001000
01001010
01001110
01010100
01010000
00000000
00000100
00011110
00011010
01010100
01010000
11001100
11001000
11010010
11010110
11001100
11001000
00101100
00101000
11001100
11001000
10011000
10011100
10000110
10000010
00000000
00000100
11001100
11001000
10101010
10101110
01010100
01010000
00000000
00000100
11001100
11001000
10101010
10101110
11001100
11001000
01001010
01001110
00011110
00011010
10000110
10000010
00011110
00011010
10000110
10000010
10011000
10011100
11010010
11010110
11001100
11001000
00011110
00011010
11001100
11001000
01001010
01001110

Decoding...
0010
01010000
0100
10011100
0110
11001000
1111
11111010
0110
11001000
1101
10101110
0110
11001000
0101
01001110
0010
01010000
0000
00000100
0111
00011010
0010
01010000
0110
11001000
0001
11010110
0110
11001000
1110
00101000
0110
11001000
0100
10011100
0011
10000010
0000
00000100
0110
11001000
1101
10101110
0010
01010000
0000
00000100
0110
11001000
1101
10101110
0110
11001000
0101
01001110
0111
00011010
0011
10000010
0111
00011010
0011
10000010
0100
10011100
0001
11010110
0110
11001000
0111
00011010
0110
11001000
0101
01001110
?[1;31m
Start test 5?[0m

Encoding...
0010
01010100
0100
10011000
0110
11001100
1111
11111110
0110
11001100
1101
10101010
0110
11001100
0101
01001010
0010
01010100
0000
00000000
0111
00011110
0010
01010100
0110
11001100
0001
11010010
0110
11001100
1110
00101100
0110
11001100
0100
10011000
0011
10000110
0000
00000000
0110
11001100
1101
10101010
0010
01010100
0000
00000000
0110
11001100
1101
10101010
0110
11001100
0101
01001010
0111
00011110
0011
10000110
0111
00011110
0011
10000110
0100
10011000
0001
11010010
0110
11001100
0111
00011110
0110
11001100
0101
01001010

Transmitting...
01010100
01010000
10011000
10011100
11001100
11001000
11111110
11111010
11001100
11001000
10101010
10101110
11001100
11001000
01001010
01001110
01010100
01010000
00000000
00000100
00011110
00011010
01010100
01010000
11001100
11001000
11010010
11010110
11001100
11001000
00101100
00101000
11001100
11001000
10011000
10011100
10000110
10000010
00000000
00000100
11001100
11001000
10101010
10101110
01010100
01010000
00000000
00000100
11001100
11001000
10101010
10101110
11001100
11001000
01001010
01001110
00011110
00011010
10000110
10000010
00011110
00011010
10000110
10000010
10011000
10011100
11010010
11010110
11001100
11001000
00011110
00011010
11001100
11001000
01001010
01001110

Decoding...
0010
01010000
0100
10011100
0110
11001000
1111
11111010
0110
11001000
1101
10101110
0110
11001000
0101
01001110
0010
01010000
0000
00000100
0111
00011010
0010
01010000
0110
11001000
0001
11010110
0110
11001000
1110
00101000
0110
11001000
0100
10011100
0011
10000010
0000
00000100
0110
11001000
1101
10101110
0010
01010000
0000
00000100
0110
11001000
1101
10101110
0110
11001000
0101
01001110
0111
00011010
0011
10000010
0111
00011010
0011
10000010
0100
10011100
0001
11010110
0110
11001000
0111
00011010
0110
11001000
0101
01001110
?[1;31m
Start test 6?[0m

Encoding...
0010
01010100
0100
10011000
0110
11001100
1111
11111110
0110
11001100
1101
10101010
0110
11001100
0101
01001010
0010
01010100
0000
00000000
0111
00011110
0010
01010100
0110
11001100
0001
11010010
0110
11001100
1110
00101100
0110
11001100
0100
10011000
0011
10000110
0000
00000000
0110
11001100
1101
10101010
0010
01010100
0000
00000000
0110
11001100
1101
10101010
0110
11001100
0101
01001010
0111
00011110
0011
10000110
0111
00011110
0011
10000110
0100
10011000
0001
11010010
0110
11001100
0111
00011110
0110
11001100
0101
01001010

Transmitting...
01010100
01010000
10011000
10011100
11001100
11001000
11111110
11111010
11001100
11001000
10101010
10101110
11001100
11001000
01001010
01001110
01010100
01010000
00000000
00000100
00011110
00011010
01010100
01010000
11001100
11001000
11010010
11010110
11001100
11001000
00101100
00101000
11001100
11001000
10011000
10011100
10000110
10000010
00000000
00000100
11001100
11001000
10101010
10101110
01010100
01010000
00000000
00000100
11001100
11001000
10101010
10101110
11001100
11001000
01001010
01001110
00011110
00011010
10000110
10000010
00011110
00011010
10000110
10000010
10011000
10011100
11010010
11010110
11001100
11001000
00011110
00011010
11001100
11001000
01001010
01001110

Decoding...
0010
01010000
0100
10011100
0110
11001000
1111
11111010
0110
11001000
1101
10101110
0110
11001000
0101
01001110
0010
01010000
0000
00000100
0111
00011010
0010
01010000
0110
11001000
0001
11010110
0110
11001000
1110
00101000
0110
11001000
0100
10011100
0011
10000010
0000
00000100
0110
11001000
1101
10101110
0010
01010000
0000
00000100
0110
11001000
1101
10101110
0110
11001000
0101
01001110
0111
00011010
0011
10000010
0111
00011010
0011
10000010
0100
10011100
0001
11010110
0110
11001000
0111
00011010
0110
11001000
0101
01001110
?[1;31m
Start test 7?[0m

Encoding...
0110
11001100
0010
01010100
0110
11001100
0101
01001010
0111
00011110
0100
10011000
0111
00011110
0100
10011000
0110
11001100
0101
01001010
0111
00011110
0010
01010100
0010
01010100
0000
00000000
0110
11001100
0011
10000110
0110
11001100
0001
11010010
0110
11001100
1100
01111000
0110
11001100
1100
01111000
0010
01010100
0000
00000000
0101
01001010
0011
10000110
0110
11001100
0001
11010010
0111
00011110
0101
01001010
0110
11001100
1100
01111000
0010
01010100
0000
00000000
0011
10000110
0101
01001010
0011
10000110
0101
01001010
0011
10000110
0101
01001010
0010
01010100
1101
10101010
0011
10000110
0000
00000000
0011
10000110
0000
00000000
0010
01010100
1101
10101010
0011
10000110
0111
00011110
0011
10000110
0011
10000110
0010
01010100
0001
11010010

Transmitting...
11001100
11001000
01010100
01010000
11001100
11001000
01001010
01001110
00011110
00011010
10011000
10011100
00011110
00011010
10011000
10011100
11001100
11001000
01001010
01001110
00011110
00011010
01010100
01010000
01010100
01010000
00000000
00000100
11001100
11001000
10000110
10000010
11001100
11001000
11010010
11010110
11001100
11001000
01111000
01111100
11001100
11001000
01111000
01111100
01010100
01010000
00000000
00000100
01001010
01001110
10000110
10000010
11001100
11001000
11010010
11010110
00011110
00011010
01001010
01001110
11001100
11001000
01111000
01111100
01010100
01010000
00000000
00000100
10000110
10000010
01001010
01001110
10000110
10000010
01001010
01001110
10000110
10000010
01001010
01001110
01010100
01010000
10101010
10101110
10000110
10000010
00000000
00000100
10000110
10000010
00000000
00000100
01010100
01010000
10101010
10101110
10000110
10000010
00011110
00011010
10000110
10000010
10000110
10000010
01010100
01010000
11010010
11010110

Decoding...
0110
11001000
0010
01010000
0110
11001000
0101
01001110
0111
00011010
0100
10011100
0111
00011010
0100
10011100
0110
11001000
0101
01001110
0111
00011010
0010
01010000
0010
01010000
0000
00000100
0110
11001000
0011
10000010
0110
11001000
0001
11010110
0110
11001000
1100
01111100
0110
11001000
1100
01111100
0010
01010000
0000
00000100
0101
01001110
0011
10000010
0110
11001000
0001
11010110
0111
00011010
0101
01001110
0110
11001000
1100
01111100
0010
01010000
0000
00000100
0011
10000010
0101
01001110
0011
10000010
0101
01001110
0011
10000010
0101
01001110
0010
01010000
1101
10101110
0011
10000010
0000
00000100
0011
10000010
0000
00000100
0010
01010000
1101
10101110
0011
10000010
0111
00011010
0011
10000010
0011
10000010
0010
01010000
0001
11010110
?[1;31m
Start test 8?[0m

Encoding...
0110
11001100
0010
01010100
0110
11001100
0101
01001010
0111
00011110
0100
10011000
0111
00011110
0100
10011000
0110
11001100
0101
01001010
0111
00011110
0010
01010100
0010
01010100
0000
00000000
0110
11001100
0011
10000110
0110
11001100
0001
11010010
0110
11001100
1100
01111000
0110
11001100
1100
01111000
0010
01010100
0000
00000000
0101
01001010
0011
10000110
0110
11001100
0001
11010010
0111
00011110
0101
01001010
0110
11001100
1100
01111000
0010
01010100
0000
00000000
0011
10000110
0101
01001010
0011
10000110
0101
01001010
0011
10000110
0101
01001010
0010
01010100
1101
10101010
0011
10000110
0000
00000000
0011
10000110
0000
00000000
0010
01010100
1101
10101010
0011
10000110
0111
00011110
0011
10000110
0011
10000110
0010
01010100
0001
11010010

Transmitting...
11001100
11001000
01010100
01010000
11001100
11001000
01001010
01001110
00011110
00011010
10011000
10011100
00011110
00011010
10011000
10011100
11001100
11001000
01001010
01001110
00011110
00011010
01010100
01010000
01010100
01010000
00000000
00000100
11001100
11001000
10000110
10000010
11001100
11001000
11010010
11010110
11001100
11001000
01111000
01111100
11001100
11001000
01111000
01111100
01010100
01010000
00000000
00000100
01001010
01001110
10000110
10000010
11001100
11001000
11010010
11010110
00011110
00011010
01001010
01001110
11001100
11001000
01111000
01111100
01010100
01010000
00000000
00000100
10000110
10000010
01001010
01001110
10000110
10000010
01001010
01001110
10000110
10000010
01001010
01001110
01010100
01010000
10101010
10101110
10000110
10000010
00000000
00000100
10000110
10000010
00000000
00000100
01010100
01010000
10101010
10101110
10000110
10000010
00011110
00011010
10000110
10000010
10000110
10000010
01010100
01010000
11010010
11010110

Decoding...
0110
11001000
0010
01010000
0110
11001000
0101
01001110
0111
00011010
0100
10011100
0111
00011010
0100
10011100
0110
11001000
0101
01001110
0111
00011010
0010
01010000
0010
01010000
0000
00000100
0110
11001000
0011
10000010
0110
11001000
0001
11010110
0110
11001000
1100
01111100
0110
11001000
1100
01111100
0010
01010000
0000
00000100
0101
01001110
0011
10000010
0110
11001000
0001
11010110
0111
00011010
0101
01001110
0110
11001000
1100
01111100
0010
01010000
0000
00000100
0011
10000010
0101
01001110
0011
10000010
0101
01001110
0011
10000010
0101
01001110
0010
01010000
1101
10101110
0011
10000010
0000
00000100
0011
10000010
0000
00000100
0010
01010000
1101
10101110
0011
10000010
0111
00011010
0011
10000010
0011
10000010
0010
01010000
0001
11010110
?[1;31m
Start test 9?[0m

Encoding...
0110
11001100
0010
01010100
0110
11001100
0101
01001010
0111
00011110
0100
10011000
0111
00011110
0100
10011000
0110
11001100
0101
01001010
0111
00011110
0010
01010100
0010
01010100
0000
00000000
0110
11001100
0011
10000110
0110
11001100
0001
11010010
0110
11001100
1100
01111000
0110
11001100
1100
01111000
0010
01010100
0000
00000000
0101
01001010
0011
10000110
0110
11001100
0001
11010010
0111
00011110
0101
01001010
0110
11001100
1100
01111000
0010
01010100
0000
00000000
0011
10000110
0101
01001010
0011
10000110
0101
01001010
0011
10000110
0101
01001010
0010
01010100
1101
10101010
0011
10000110
0000
00000000
0011
10000110
0000
00000000
0010
01010100
1101
10101010
0011
10000110
0111
00011110
0011
10000110
0011
10000110
0010
01010100
0001
11010010

Transmitting...
11001100
11001000
01010100
01010000
11001100
11001000
01001010
01001110
00011110
00011010
10011000
10011100
00011110
00011010
10011000
10011100
11001100
11001000
01001010
01001110
00011110
00011010
01010100
01010000
01010100
01010000
00000000
00000100
11001100
11001000
10000110
10000010
11001100
11001000
11010010
11010110
11001100
11001000
01111000
01111100
11001100
11001000
01111000
01111100
01010100
01010000
00000000
00000100
01001010
01001110
10000110
10000010
11001100
11001000
11010010
11010110
00011110
00011010
01001010
01001110
11001100
11001000
01111000
01111100
01010100
01010000
00000000
00000100
10000110
10000010
01001010
01001110
10000110
10000010
01001010
01001110
10000110
10000010
01001010
01001110
01010100
01010000
10101010
10101110
10000110
10000010
00000000
00000100
10000110
10000010
00000000
00000100
01010100
01010000
10101010
10101110
10000110
10000010
00011110
00011010
10000110
10000010
10000110
10000010
01010100
01010000
11010010
11010110

Decoding...
0110
11001000
0010
01010000
0110
11001000
0101
01001110
0111
00011010
0100
10011100
0111
00011010
0100
10011100
0110
11001000
0101
01001110
0111
00011010
0010
01010000
0010
01010000
0000
00000100
0110
11001000
0011
10000010
0110
11001000
0001
11010110
0110
11001000
1100
01111100
0110
11001000
1100
01111100
0010
01010000
0000
00000100
0101
01001110
0011
10000010
0110
11001000
0001
11010110
0111
00011010
0101
01001110
0110
11001000
1100
01111100
0010
01010000
0000
00000100
0011
10000010
0101
01001110
0011
10000010
0101
01001110
0011
10000010
0101
01001110
0010
01010000
1101
10101110
0011
10000010
0000
00000100
0011
10000010
0000
00000100
0010
01010000
1101
10101110
0011
10000010
0111
00011010
0011
10000010
0011
10000010
0010
01010000
0001
11010110
?[1;31m
Start test 10?[0m

Encoding...
0011
10000110
0101
01001010
0011
10000110
0101
01001010
0011
10000110
0100
10011000
0011
10000110
1000
11100000
0011
10000110
0001
11010010
0011
10000110
0111
00011110
0011
10000110
0010
01010100
0010
01010100
0000
00000000
0011
10000110
0110
11001100
0011
10000110
0101
01001010
0011
10000110
0100
10011000
0011
10000110
1000
11100000
0010
01010100
0000
00000000
0011
10000110
0010
01010100
0011
10000110
0010
01010100
0011
10000110
0101
01001010
0011
10000110
0001
11010010
0011
10000110
0100
10011000
0011
10000110
0111
00011110
0010
01010100
0000
00000000
0011
10000110
0010
01010100
0011
10000110
0011
10000110
0011
10000110
0110
11001100
0011
10000110
0101
01001010
0011
10000110
0110
11001100
0011
10000110
0101
01001010
0011
10000110
1001
00110010
0011
10000110
0101
01001010
0010
01010100
0000
00000000
0011
10000110
0101
01001010
0011
10000110
0001
11010010
0011
10000110
0101
01001010
0011
10000110
0101
01001010

Transmitting...
10000110
10000010
01001010
01001110
10000110
10000010
01001010
01001110
10000110
10000010
10011000
10011100
10000110
10000010
11100000
11100100
10000110
10000010
11010010
11010110
10000110
10000010
00011110
00011010
10000110
10000010
01010100
01010000
01010100
01010000
00000000
00000100
10000110
10000010
11001100
11001000
10000110
10000010
01001010
01001110
10000110
10000010
10011000
10011100
10000110
10000010
11100000
11100100
01010100
01010000
00000000
00000100
10000110
10000010
01010100
01010000
10000110
10000010
01010100
01010000
10000110
10000010
01001010
01001110
10000110
10000010
11010010
11010110
10000110
10000010
10011000
10011100
10000110
10000010
00011110
00011010
01010100
01010000
00000000
00000100
10000110
10000010
01010100
01010000
10000110
10000010
10000110
10000010
10000110
10000010
11001100
11001000
10000110
10000010
01001010
01001110
10000110
10000010
11001100
11001000
10000110
10000010
01001010
01001110
10000110
10000010
00110010
00110110
10000110
10000010
01001010
01001110
01010100
01010000
00000000
00000100
10000110
10000010
01001010
01001110
10000110
10000010
11010010
11010110
10000110
10000010
01001010
01001110
10000110
10000010
01001010
01001110

Decoding...
0011
10000010
0101
01001110
0011
10000010
0101
01001110
0011
10000010
0100
10011100
0011
10000010
1000
11100100
0011
10000010
0001
11010110
0011
10000010
0111
00011010
0011
10000010
0010
01010000
0010
01010000
0000
00000100
0011
10000010
0110
11001000
0011
10000010
0101
01001110
0011
10000010
0100
10011100
0011
10000010
1000
11100100
0010
01010000
0000
00000100
0011
10000010
0010
01010000
0011
10000010
0010
01010000
0011
10000010
0101
01001110
0011
10000010
0001
11010110
0011
10000010
0100
10011100
0011
10000010
0111
00011010
0010
01010000
0000
00000100
0011
10000010
0010
01010000
0011
10000010
0011
10000010
0011
10000010
0110
11001000
0011
10000010
0101
01001110
0011
10000010
0110
11001000
0011
10000010
0101
01001110
0011
10000010
1001
00110110
0011
10000010
0101
01001110
0010
01010000
0000
00000100
0011
10000010
0101
01001110
0011
10000010
0001
11010110
0011
10000010
0101
01001110
0011
10000010
0101
01001110
?[1;31m
Start test 11?[0m

Encoding...
0011
10000110
0101
01001010
0011
10000110
0101
01001010
0011
10000110
0100
10011000
0011
10000110
1000
11100000
0011
10000110
0001
11010010
0011
10000110
0111
00011110
0011
10000110
0010
01010100
0010
01010100
0000
00000000
0011
10000110
0110
11001100
0011
10000110
0101
01001010
0011
10000110
0100
10011000
0011
10000110
1000
11100000
0010
01010100
0000
00000000
0011
10000110
0010
01010100
0011
10000110
0010
01010100
0011
10000110
0101
01001010
0011
10000110
0001
11010010
0011
10000110
0100
10011000
0011
10000110
0111
00011110
0010
01010100
0000
00000000
0011
10000110
0010
01010100
0011
10000110
0011
10000110
0011
10000110
0110
11001100
0011
10000110
0101
01001010
0011
10000110
0110
11001100
0011
10000110
0101
01001010
0011
10000110
1001
00110010
0011
10000110
0101
01001010
0010
01010100
0000
00000000
0011
10000110
0101
01001010
0011
10000110
0001
11010010
0011
10000110
0101
01001010
0011
10000110
0101
01001010

Transmitting...
10000110
10000010
01001010
01001110
10000110
10000010
01001010
01001110
10000110
10000010
10011000
10011100
10000110
10000010
11100000
11100100
10000110
10000010
11010010
11010110
10000110
10000010
00011110
00011010
10000110
10000010
01010100
01010000
01010100
01010000
00000000
00000100
10000110
10000010
11001100
11001000
10000110
10000010
01001010
01001110
10000110
10000010
10011000
10011100
10000110
10000010
11100000
11100100
01010100
01010000
00000000
00000100
10000110
10000010
01010100
01010000
10000110
10000010
01010100
01010000
10000110
10000010
01001010
01001110
10000110
10000010
11010010
11010110
10000110
10000010
10011000
10011100
10000110
10000010
00011110
00011010
01010100
01010000
00000000
00000100
10000110
10000010
01010100
01010000
10000110
10000010
10000110
10000010
10000110
10000010
11001100
11001000
10000110
10000010
01001010
01001110
10000110
10000010
11001100
11001000
10000110
10000010
01001010
01001110
10000110
10000010
00110010
00110110
10000110
10000010
01001010
01001110
01010100
01010000
00000000
00000100
10000110
10000010
01001010
01001110
10000110
10000010
11010010
11010110
10000110
10000010
01001010
01001110
10000110
10000010
01001010
01001110

Decoding...
0011
10000010
0101
01001110
0011
10000010
0101
01001110
0011
10000010
0100
10011100
0011
10000010
1000
11100100
0011
10000010
0001
11010110
0011
10000010
0111
00011010
0011
10000010
0010
01010000
0010
01010000
0000
00000100
0011
10000010
0110
11001000
0011
10000010
0101
01001110
0011
10000010
0100
10011100
0011
10000010
1000
11100100
0010
01010000
0000
00000100
0011
10000010
0010
01010000
0011
10000010
0010
01010000
0011
10000010
0101
01001110
0011
10000010
0001
11010110
0011
10000010
0100
10011100
0011
10000010
0111
00011010
0010
01010000
0000
00000100
0011
10000010
0010
01010000
0011
10000010
0011
10000010
0011
10000010
0110
11001000
0011
10000010
0101
01001110
0011
10000010
0110
11001000
0011
10000010
0101
01001110
0011
10000010
1001
00110110
0011
10000010
0101
01001110
0010
01010000
0000
00000100
0011
10000010
0101
01001110
0011
10000010
0001
11010110
0011
10000010
0101
01001110
0011
10000010
0101
01001110
?[1;31m
Start test 12?[0m

Encoding...
0011
10000110
0101
01001010
0011
10000110
0101
01001010
0011
10000110
0100
10011000
0011
10000110
1000
11100000
0011
10000110
0001
11010010
0011
10000110
0111
00011110
0011
10000110
0010
01010100
0010
01010100
0000
00000000
0011
10000110
0110
11001100
0011
10000110
0101
01001010
0011
10000110
0100
10011000
0011
10000110
1000
11100000
0010
01010100
0000
00000000
0011
10000110
0010
01010100
0011
10000110
0010
01010100
0011
10000110
0101
01001010
0011
10000110
0001
11010010
0011
10000110
0100
10011000
0011
10000110
0111
00011110
0010
01010100
0000
00000000
0011
10000110
0010
01010100
0011
10000110
0011
10000110
0011
10000110
0110
11001100
0011
10000110
0101
01001010
0011
10000110
0110
11001100
0011
10000110
0101
01001010
0011
10000110
1001
00110010
0011
10000110
0101
01001010
0010
01010100
0000
00000000
0011
10000110
0101
01001010
0011
10000110
0001
11010010
0011
10000110
0101
01001010
0011
10000110
0101
01001010

Transmitting...
10000110
10000010
01001010
01001110
10000110
10000010
01001010
01001110
10000110
10000010
10011000
10011100
10000110
10000010
11100000
11100100
10000110
10000010
11010010
11010110
10000110
10000010
00011110
00011010
10000110
10000010
01010100
01010000
01010100
01010000
00000000
00000100
10000110
10000010
11001100
11001000
10000110
10000010
01001010
01001110
10000110
10000010
10011000
10011100
10000110
10000010
11100000
11100100
01010100
01010000
00000000
00000100
10000110
10000010
01010100
01010000
10000110
10000010
01010100
01010000
10000110
10000010
01001010
01001110
10000110
10000010
11010010
11010110
10000110
10000010
10011000
10011100
10000110
10000010
00011110
00011010
01010100
01010000
00000000
00000100
10000110
10000010
01010100
01010000
10000110
10000010
10000110
10000010
10000110
10000010
11001100
11001000
10000110
10000010
01001010
01001110
10000110
10000010
11001100
11001000
10000110
10000010
01001010
01001110
10000110
10000010
00110010
00110110
10000110
10000010
01001010
01001110
01010100
01010000
00000000
00000100
10000110
10000010
01001010
01001110
10000110
10000010
11010010
11010110
10000110
10000010
01001010
01001110
10000110
10000010
01001010
01001110

Decoding...
0011
10000010
0101
01001110
0011
10000010
0101
01001110
0011
10000010
0100
10011100
0011
10000010
1000
11100100
0011
10000010
0001
11010110
0011
10000010
0111
00011010
0011
10000010
0010
01010000
0010
01010000
0000
00000100
0011
10000010
0110
11001000
0011
10000010
0101
01001110
0011
10000010
0100
10011100
0011
10000010
1000
11100100
0010
01010000
0000
00000100
0011
10000010
0010
01010000
0011
10000010
0010
01010000
0011
10000010
0101
01001110
0011
10000010
0001
11010110
0011
10000010
0100
10011100
0011
10000010
0111
00011010
0010
01010000
0000
00000100
0011
10000010
0010
01010000
0011
10000010
0011
10000010
0011
10000010
0110
11001000
0011
10000010
0101
01001110
0011
10000010
0110
11001000
0011
10000010
0101
01001110
0011
10000010
1001
00110110
0011
10000010
0101
01001110
0010
01010000
0000
00000100
0011
10000010
0101
01001110
0011
10000010
0001
11010110
0011
10000010
0101
01001110
0011
10000010
0101
01001110
]]></system-out>
  <system-err><![CDATA[]]></system-err>
</testsuite>
